<?xml version="1.0" encoding="UTF-8"?>
<!-- Generated by org.testng.reporters.JUnitReportReporter -->
<testsuite hostname="GOPINATH-LAP" failures="0" tests="5" name="execution.Professional" time="0.506" errors="1" timestamp="2023-08-04T12:32:03 IST" skipped="4">
  <testcase classname="execution.Professional" name="beforemethod" time="0.506">
    <error message="org.openqa.selenium.chromium.ChromiumDriverCommandExecutor: method &#039;void &lt;init&gt;(org.openqa.selenium.remote.service.DriverService, java.util.Map, org.openqa.selenium.remote.http.ClientConfig)&#039; not found" type="java.lang.NoSuchMethodError">
      <![CDATA[java.lang.NoSuchMethodError: org.openqa.selenium.chromium.ChromiumDriverCommandExecutor: method 'void <init>(org.openqa.selenium.remote.service.DriverService, java.util.Map, org.openqa.selenium.remote.http.ClientConfig)' not found
at org.openqa.selenium.chrome.ChromeDriver$ChromeDriverCommandExecutor.<init>(ChromeDriver.java:111)
at org.openqa.selenium.chrome.ChromeDriver.generateExecutor(ChromeDriver.java:101)
at org.openqa.selenium.chrome.ChromeDriver.<init>(ChromeDriver.java:87)
at org.openqa.selenium.chrome.ChromeDriver.<init>(ChromeDriver.java:82)
at org.openqa.selenium.chrome.ChromeDriver.<init>(ChromeDriver.java:71)
at base.BrowserFactory.createbrowserInstance(BrowserFactory.java:27)
at base.Testbase.browserinitializationpro(Testbase.java:47)
at execution.Professional.beforemethod(Professional.java:70)
at java.base/jdk.internal.reflect.DirectMethodHandleAccessor.invoke(DirectMethodHandleAccessor.java:104)
at java.base/java.lang.reflect.Method.invoke(Method.java:577)
at org.testng.internal.invokers.MethodInvocationHelper.invokeMethod(MethodInvocationHelper.java:139)
at org.testng.internal.invokers.MethodInvocationHelper.invokeMethodConsideringTimeout(MethodInvocationHelper.java:69)
at org.testng.internal.invokers.ConfigInvoker.invokeConfigurationMethod(ConfigInvoker.java:361)
at org.testng.internal.invokers.ConfigInvoker.invokeConfigurations(ConfigInvoker.java:296)
at org.testng.internal.invokers.TestInvoker.runConfigMethods(TestInvoker.java:823)
at org.testng.internal.invokers.TestInvoker.invokeMethod(TestInvoker.java:590)
at org.testng.internal.invokers.TestInvoker.invokeTestMethod(TestInvoker.java:221)
at org.testng.internal.invokers.MethodRunner.runInSequence(MethodRunner.java:50)
at org.testng.internal.invokers.TestInvoker$MethodInvocationAgent.invoke(TestInvoker.java:969)
at org.testng.internal.invokers.TestInvoker.invokeTestMethods(TestInvoker.java:194)
at org.testng.internal.invokers.TestMethodWorker.invokeTestMethods(TestMethodWorker.java:148)
at org.testng.internal.invokers.TestMethodWorker.run(TestMethodWorker.java:128)
at java.base/java.util.concurrent.ThreadPoolExecutor.runWorker(ThreadPoolExecutor.java:1136)
at java.base/java.util.concurrent.ThreadPoolExecutor$Worker.run(ThreadPoolExecutor.java:635)
at java.base/java.lang.Thread.run(Thread.java:833)
]]>
    </error>
  </testcase> <!-- beforemethod -->
  <system-out/>
  <testcase classname="execution.Professional" name="Profileimageuploadtest" time="0.000">
    <skipped/>
  </testcase> <!-- Profileimageuploadtest -->
  <system-out/>
  <testcase classname="execution.Professional" name="Logoimageuploadtest" time="0.000">
    <skipped/>
  </testcase> <!-- Logoimageuploadtest -->
  <system-out/>
  <testcase classname="execution.Professional" name="Logintest">
    <skipped/>
  </testcase> <!-- Logintest -->
  <system-out/>
  <testcase classname="execution.Professional" name="Logininvalidtest">
    <skipped/>
  </testcase> <!-- Logininvalidtest -->
  <system-out/>
</testsuite> <!-- execution.Professional -->
