<?xml version="1.0" encoding="UTF-8"?>
<!-- Generated by org.testng.reporters.JUnitReportReporter -->
<testsuite hostname="GOPINATH-LAP" failures="0" tests="12" name="execution.Admin" time="953.989" errors="0" timestamp="2023-05-18T18:44:42 IST" skipped="3">
  <testcase classname="execution.Admin" name="Logintest" time="22.567"/>
  <system-out/>
  <testcase classname="execution.Admin" name="Logintest" time="19.406"/>
  <system-out/>
  <testcase classname="execution.Admin" name="Logintest" time="25.240"/>
  <system-out/>
  <testcase classname="execution.Admin" name="Add_Client_test" time="169.659"/>
  <system-out/>
  <testcase classname="execution.Admin" name="Add_Client_test" time="173.228"/>
  <system-out/>
  <testcase classname="execution.Admin" name="Add_Client_test" time="172.004"/>
  <system-out/>
  <testcase classname="execution.Admin" name="Manage_Profession_test" time="124.737"/>
  <system-out/>
  <testcase classname="execution.Admin" name="Manage_Profession_test" time="122.898"/>
  <system-out/>
  <testcase classname="execution.Admin" name="Manage_Profession_test" time="124.250"/>
  <system-out/>
  <testcase classname="execution.Admin" name="Logininvalidtest">
    <skipped/>
  </testcase> <!-- Logininvalidtest -->
  <system-out/>
  <testcase classname="execution.Admin" name="Logininvalidtest">
    <skipped/>
  </testcase> <!-- Logininvalidtest -->
  <system-out/>
  <testcase classname="execution.Admin" name="Logininvalidtest">
    <skipped/>
  </testcase> <!-- Logininvalidtest -->
  <system-out/>
</testsuite> <!-- execution.Admin -->
