<?xml version="1.0" encoding="UTF-8"?>
<!-- Generated by org.testng.reporters.JUnitReportReporter -->
<testsuite hostname="GOPINATH-LAP" failures="0" tests="4" name="execution.Login" time="137.000" errors="0" timestamp="2023-05-05T23:28:51 IST" skipped="3">
  <testcase classname="execution.Login" name="Manage_Profession_test" time="137.000"/>
  <system-out/>
  <testcase classname="execution.Login" name="Add_Client_test">
    <skipped/>
  </testcase> <!-- Add_Client_test -->
  <system-out/>
  <testcase classname="execution.Login" name="Logintest">
    <skipped/>
  </testcase> <!-- Logintest -->
  <system-out/>
  <testcase classname="execution.Login" name="Logininvalidtest">
    <skipped/>
  </testcase> <!-- Logininvalidtest -->
  <system-out/>
</testsuite> <!-- execution.Login -->
